2023-04-30 13:36:01,138 ----------------------------------------------------------------------------------------------------
2023-04-30 13:36:01,139 Model: "SequenceTagger(
  (embeddings): StackedEmbeddings(
    (list_embedding_0): FlairEmbeddings(
      (lm): LanguageModel(
        (drop): Dropout(p=0.05, inplace=False)
        (encoder): Embedding(300, 100)
        (rnn): LSTM(100, 2048)
      )
    )
    (list_embedding_1): FlairEmbeddings(
      (lm): LanguageModel(
        (drop): Dropout(p=0.05, inplace=False)
        (encoder): Embedding(300, 100)
        (rnn): LSTM(100, 2048)
      )
    )
  )
  (word_dropout): WordDropout(p=0.05)
  (locked_dropout): LockedDropout(p=0.5)
  (embedding2nn): Linear(in_features=4096, out_features=4096, bias=True)
  (rnn): LSTM(4096, 256, batch_first=True, bidirectional=True)
  (linear): Linear(in_features=512, out_features=48, bias=True)
  (loss_function): ViterbiLoss()
  (crf): CRF()
)"
2023-04-30 13:36:01,142 ----------------------------------------------------------------------------------------------------
2023-04-30 13:36:01,142 Corpus: "Corpus: 26684 train + 2965 dev + 3294 test sentences"
2023-04-30 13:36:01,149 ----------------------------------------------------------------------------------------------------
2023-04-30 13:36:01,150 Parameters:
2023-04-30 13:36:01,150  - learning_rate: "0.100000"
2023-04-30 13:36:01,151  - mini_batch_size: "32"
2023-04-30 13:36:01,151  - patience: "3"
2023-04-30 13:36:01,152  - anneal_factor: "0.5"
2023-04-30 13:36:01,152  - max_epochs: "5"
2023-04-30 13:36:01,153  - shuffle: "True"
2023-04-30 13:36:01,153  - train_with_dev: "True"
2023-04-30 13:36:01,153  - batch_growth_annealing: "False"
2023-04-30 13:36:01,154 ----------------------------------------------------------------------------------------------------
2023-04-30 13:36:01,154 Model training base path: "."
2023-04-30 13:36:01,154 ----------------------------------------------------------------------------------------------------
2023-04-30 13:36:01,154 Device: cpu
2023-04-30 13:36:01,155 ----------------------------------------------------------------------------------------------------
2023-04-30 13:36:01,155 Embeddings storage mode: cpu
2023-04-30 13:36:01,155 ----------------------------------------------------------------------------------------------------
2023-04-30 13:49:02,553 epoch 1 - iter 92/927 - loss 1.77995648 - time (sec): 779.56 - samples/sec: 91.22 - lr: 0.100000
